<?xml version="1.0" encoding="UTF-8"?>
<testsuite xmlns:xsi="http://www.w3.org/2001/XMLSchema-instance" xsi:noNamespaceSchemaLocation="https://maven.apache.org/surefire/maven-surefire-plugin/xsd/surefire-test-report-3.0.xsd" version="3.0" name="example.RunCucumberTest" time="0.72" tests="8" errors="0" skipped="0" failures="0">
  <properties>
    <property name="java.specification.version" value="17"/>
    <property name="sun.cpu.isalist" value="amd64"/>
    <property name="sun.jnu.encoding" value="MS950"/>
    <property name="java.class.path" value="C:\worksapceTest\hellocucumber\target\test-classes;C:\worksapceTest\hellocucumber\target\classes;C:\Java\maven_repo\repository\io\cucumber\cucumber-java\7.17.0\cucumber-java-7.17.0.jar;C:\Java\maven_repo\repository\io\cucumber\cucumber-core\7.17.0\cucumber-core-7.17.0.jar;C:\Java\maven_repo\repository\io\cucumber\cucumber-gherkin\7.17.0\cucumber-gherkin-7.17.0.jar;C:\Java\maven_repo\repository\io\cucumber\cucumber-gherkin-messages\7.17.0\cucumber-gherkin-messages-7.17.0.jar;C:\Java\maven_repo\repository\io\cucumber\gherkin\28.0.0\gherkin-28.0.0.jar;C:\Java\maven_repo\repository\io\cucumber\messages\24.1.0\messages-24.1.0.jar;C:\Java\maven_repo\repository\io\cucumber\testng-xml-formatter\0.1.0\testng-xml-formatter-0.1.0.jar;C:\Java\maven_repo\repository\io\cucumber\query\12.1.2\query-12.1.2.jar;C:\Java\maven_repo\repository\io\cucumber\tag-expressions\6.1.0\tag-expressions-6.1.0.jar;C:\Java\maven_repo\repository\io\cucumber\cucumber-expressions\17.1.0\cucumber-expressions-17.1.0.jar;C:\Java\maven_repo\repository\io\cucumber\datatable\7.17.0\datatable-7.17.0.jar;C:\Java\maven_repo\repository\io\cucumber\cucumber-plugin\7.17.0\cucumber-plugin-7.17.0.jar;C:\Java\maven_repo\repository\io\cucumber\docstring\7.17.0\docstring-7.17.0.jar;C:\Java\maven_repo\repository\io\cucumber\html-formatter\21.3.1\html-formatter-21.3.1.jar;C:\Java\maven_repo\repository\io\cucumber\junit-xml-formatter\0.4.0\junit-xml-formatter-0.4.0.jar;C:\Java\maven_repo\repository\io\cucumber\ci-environment\10.0.1\ci-environment-10.0.1.jar;C:\Java\maven_repo\repository\org\apiguardian\apiguardian-api\1.1.2\apiguardian-api-1.1.2.jar;C:\Java\maven_repo\repository\io\cucumber\cucumber-junit-platform-engine\7.17.0\cucumber-junit-platform-engine-7.17.0.jar;C:\Java\maven_repo\repository\org\junit\platform\junit-platform-engine\1.10.2\junit-platform-engine-1.10.2.jar;C:\Java\maven_repo\repository\org\opentest4j\opentest4j\1.3.0\opentest4j-1.3.0.jar;C:\Java\maven_repo\repository\org\junit\platform\junit-platform-commons\1.10.2\junit-platform-commons-1.10.2.jar;C:\Java\maven_repo\repository\org\junit\platform\junit-platform-suite\1.10.2\junit-platform-suite-1.10.2.jar;C:\Java\maven_repo\repository\org\junit\platform\junit-platform-suite-api\1.10.2\junit-platform-suite-api-1.10.2.jar;C:\Java\maven_repo\repository\org\junit\platform\junit-platform-suite-engine\1.10.2\junit-platform-suite-engine-1.10.2.jar;C:\Java\maven_repo\repository\org\junit\platform\junit-platform-suite-commons\1.10.2\junit-platform-suite-commons-1.10.2.jar;C:\Java\maven_repo\repository\org\junit\platform\junit-platform-launcher\1.10.2\junit-platform-launcher-1.10.2.jar;C:\Java\maven_repo\repository\org\junit\jupiter\junit-jupiter\5.10.2\junit-jupiter-5.10.2.jar;C:\Java\maven_repo\repository\org\junit\jupiter\junit-jupiter-api\5.10.2\junit-jupiter-api-5.10.2.jar;C:\Java\maven_repo\repository\org\junit\jupiter\junit-jupiter-params\5.10.2\junit-jupiter-params-5.10.2.jar;C:\Java\maven_repo\repository\org\junit\jupiter\junit-jupiter-engine\5.10.2\junit-jupiter-engine-5.10.2.jar;"/>
    <property name="java.vm.vendor" value="ojdkbuild"/>
    <property name="sun.arch.data.model" value="64"/>
    <property name="user.variant" value=""/>
    <property name="java.vendor.url" value="https://github.com/ojdkbuild"/>
    <property name="user.timezone" value="Asia/Taipei"/>
    <property name="os.name" value="Windows 11"/>
    <property name="java.vm.specification.version" value="17"/>
    <property name="sun.java.launcher" value="SUN_STANDARD"/>
    <property name="user.country" value="TW"/>
    <property name="sun.boot.library.path" value="C:\Program Files (x86)\Java\java-17-openjdk-17.0.3.0.6-1.win.x86_64\bin"/>
    <property name="sun.java.command" value="C:\Users\6620\AppData\Local\Temp\surefire11695882121231968748\surefirebooter-20240424122547480_3.jar C:\Users\6620\AppData\Local\Temp\surefire11695882121231968748 2024-04-24T12-25-43_407-jvmRun1 surefire-20240424122547480_1tmp surefire_0-20240424122547480_2tmp"/>
    <property name="jdk.debug" value="release"/>
    <property name="surefire.test.class.path" value="C:\worksapceTest\hellocucumber\target\test-classes;C:\worksapceTest\hellocucumber\target\classes;C:\Java\maven_repo\repository\io\cucumber\cucumber-java\7.17.0\cucumber-java-7.17.0.jar;C:\Java\maven_repo\repository\io\cucumber\cucumber-core\7.17.0\cucumber-core-7.17.0.jar;C:\Java\maven_repo\repository\io\cucumber\cucumber-gherkin\7.17.0\cucumber-gherkin-7.17.0.jar;C:\Java\maven_repo\repository\io\cucumber\cucumber-gherkin-messages\7.17.0\cucumber-gherkin-messages-7.17.0.jar;C:\Java\maven_repo\repository\io\cucumber\gherkin\28.0.0\gherkin-28.0.0.jar;C:\Java\maven_repo\repository\io\cucumber\messages\24.1.0\messages-24.1.0.jar;C:\Java\maven_repo\repository\io\cucumber\testng-xml-formatter\0.1.0\testng-xml-formatter-0.1.0.jar;C:\Java\maven_repo\repository\io\cucumber\query\12.1.2\query-12.1.2.jar;C:\Java\maven_repo\repository\io\cucumber\tag-expressions\6.1.0\tag-expressions-6.1.0.jar;C:\Java\maven_repo\repository\io\cucumber\cucumber-expressions\17.1.0\cucumber-expressions-17.1.0.jar;C:\Java\maven_repo\repository\io\cucumber\datatable\7.17.0\datatable-7.17.0.jar;C:\Java\maven_repo\repository\io\cucumber\cucumber-plugin\7.17.0\cucumber-plugin-7.17.0.jar;C:\Java\maven_repo\repository\io\cucumber\docstring\7.17.0\docstring-7.17.0.jar;C:\Java\maven_repo\repository\io\cucumber\html-formatter\21.3.1\html-formatter-21.3.1.jar;C:\Java\maven_repo\repository\io\cucumber\junit-xml-formatter\0.4.0\junit-xml-formatter-0.4.0.jar;C:\Java\maven_repo\repository\io\cucumber\ci-environment\10.0.1\ci-environment-10.0.1.jar;C:\Java\maven_repo\repository\org\apiguardian\apiguardian-api\1.1.2\apiguardian-api-1.1.2.jar;C:\Java\maven_repo\repository\io\cucumber\cucumber-junit-platform-engine\7.17.0\cucumber-junit-platform-engine-7.17.0.jar;C:\Java\maven_repo\repository\org\junit\platform\junit-platform-engine\1.10.2\junit-platform-engine-1.10.2.jar;C:\Java\maven_repo\repository\org\opentest4j\opentest4j\1.3.0\opentest4j-1.3.0.jar;C:\Java\maven_repo\repository\org\junit\platform\junit-platform-commons\1.10.2\junit-platform-commons-1.10.2.jar;C:\Java\maven_repo\repository\org\junit\platform\junit-platform-suite\1.10.2\junit-platform-suite-1.10.2.jar;C:\Java\maven_repo\repository\org\junit\platform\junit-platform-suite-api\1.10.2\junit-platform-suite-api-1.10.2.jar;C:\Java\maven_repo\repository\org\junit\platform\junit-platform-suite-engine\1.10.2\junit-platform-suite-engine-1.10.2.jar;C:\Java\maven_repo\repository\org\junit\platform\junit-platform-suite-commons\1.10.2\junit-platform-suite-commons-1.10.2.jar;C:\Java\maven_repo\repository\org\junit\platform\junit-platform-launcher\1.10.2\junit-platform-launcher-1.10.2.jar;C:\Java\maven_repo\repository\org\junit\jupiter\junit-jupiter\5.10.2\junit-jupiter-5.10.2.jar;C:\Java\maven_repo\repository\org\junit\jupiter\junit-jupiter-api\5.10.2\junit-jupiter-api-5.10.2.jar;C:\Java\maven_repo\repository\org\junit\jupiter\junit-jupiter-params\5.10.2\junit-jupiter-params-5.10.2.jar;C:\Java\maven_repo\repository\org\junit\jupiter\junit-jupiter-engine\5.10.2\junit-jupiter-engine-5.10.2.jar;"/>
    <property name="sun.cpu.endian" value="little"/>
    <property name="user.home" value="C:\Users\6620"/>
    <property name="user.language" value="zh"/>
    <property name="java.specification.vendor" value="Oracle Corporation"/>
    <property name="java.version.date" value="2022-04-19"/>
    <property name="java.home" value="C:\Program Files (x86)\Java\java-17-openjdk-17.0.3.0.6-1.win.x86_64"/>
    <property name="file.separator" value="\"/>
    <property name="basedir" value="C:\worksapceTest\hellocucumber"/>
    <property name="java.vm.compressedOopsMode" value="Zero based"/>
    <property name="line.separator" value="&#10;"/>
    <property name="java.vm.specification.vendor" value="Oracle Corporation"/>
    <property name="java.specification.name" value="Java Platform API Specification"/>
    <property name="surefire.real.class.path" value="C:\Users\6620\AppData\Local\Temp\surefire11695882121231968748\surefirebooter-20240424122547480_3.jar"/>
    <property name="user.script" value=""/>
    <property name="sun.management.compiler" value="HotSpot 64-Bit Tiered Compilers"/>
    <property name="java.runtime.version" value="17.0.3+6-LTS"/>
    <property name="user.name" value="6620"/>
    <property name="path.separator" value=";"/>
    <property name="os.version" value="10.0"/>
    <property name="java.runtime.name" value="OpenJDK Runtime Environment"/>
    <property name="file.encoding" value="MS950"/>
    <property name="java.vm.name" value="OpenJDK 64-Bit Server VM"/>
    <property name="java.vendor.version" value="21.9"/>
    <property name="localRepository" value="C:\Java\maven_repo\repository"/>
    <property name="java.vendor.url.bug" value="https://github.com/ojdkbuild/ojdkbuild/issues"/>
    <property name="java.io.tmpdir" value="C:\Users\6620\AppData\Local\Temp\"/>
    <property name="idea.version" value="2024.1"/>
    <property name="java.version" value="17.0.3"/>
    <property name="user.dir" value="C:\worksapceTest\hellocucumber"/>
    <property name="os.arch" value="amd64"/>
    <property name="java.vm.specification.name" value="Java Virtual Machine Specification"/>
    <property name="sun.os.patch.level" value=""/>
    <property name="native.encoding" value="MS950"/>
    <property name="java.library.path" value="C:\Program Files (x86)\Java\java-17-openjdk-17.0.3.0.6-1.win.x86_64\bin;C:\WINDOWS\Sun\Java\bin;C:\WINDOWS\system32;C:\WINDOWS;C:\Users\6620\.jdks\semeru-1.8.0_402-1\bin;C:\Program Files\JetBrains\IntelliJ IDEA 2023.2.2\plugins\maven\lib\maven3\bin;C:\Program Files\Common Files\Oracle\Java\javapath;C:\Program Files (x86)\Common Files\Oracle\Java\javapath;C:\Program Files (x86)\IBM\WebSphere MQ\Java\lib;C:\Program Files (x86)\IBM\WebSphere MQ\Java\lib64;C:\Program Files (x86)\VMware\VMware Player\bin\;C:\Program Files (x86)\IBM\CICS Transaction Gateway\bin;C:\oraclexe\app\oracle\product\10.2.0\server\bin;C:\Program Files (x86)\Intel\Intel(R) Management Engine Components\iCLS\;C:\Program Files\Intel\Intel(R) Management Engine Components\iCLS\;C:\WINDOWS\system32;C:\WINDOWS;C:\WINDOWS\System32\Wbem;C:\WINDOWS\System32\WindowsPowerShell\v1.0\;C:\Program Files (x86)\Intel\Intel(R) Management Engine Components\DAL;C:\Program Files\Intel\Intel(R) Management Engine Components\DAL;C:\Program Files (x86)\Intel\Intel(R) Management Engine Components\IPT;C:\Program Files\Intel\Intel(R) Management Engine Components\IPT;C:\WINDOWS\System32\OpenSSH\;C:\Program Files (x86)\IBM\WebSphere MQ\bin64;C:\Program Files (x86)\IBM\WebSphere MQ\bin;C:\Program Files (x86)\IBM\WebSphere MQ\tools\c\samples\bin;C:\Program Files\Kubernetes\Minikube;C:\Program Files (x86)\Pulse Secure\VC142.CRT\X64\;C:\Program Files (x86)\Pulse Secure\VC142.CRT\X86\;C:\Program Files\Microsoft SQL Server\110\Tools\Binn\;C:\Program Files\OpenSSL-Win64\bin;C:\Program Files (x86)\NetSarang\Xshell 7\;C:\Program Files (x86)\NetSarang\Xftp 7\;C:\Users\6620\AppData\Roaming\nvm;C:\Program Files\nodejs;C:\Program Files\SafeNet\Authentication\SAC\x64;C:\Program Files\SafeNet\Authentication\SAC\x32;C:\Program Files\dotnet\;C:\Program Files (x86)\Common Files\Pulse Secure\TNC Client Plugin\;C:\Program Files\PuTTY\;C:\WINDOWS\system32;C:\WINDOWS;C:\WINDOWS\System32\Wbem;C:\WINDOWS\System32\WindowsPowerShell\v1.0\;C:\WINDOWS\System32\OpenSSH\;C:\Program Files\Go\bin;C:\Program Files\Git\cmd;;C:\Program Files\Docker\Docker\resources\bin;C:\Users\6620\.jdks\semeru-11.0.22\bin;C:\Users\6620\AppData\Local\Programs\Python\Python311\Scripts\;C:\Users\6620\AppData\Local\Programs\Python\Python311\;C:\Users\6620\AppData\Local\Microsoft\WindowsApps;C:\Users\6620\AppData\Local\GitHubDesktop\bin;C:\Users\6620\AppData\Local\Programs\Microsoft VS Code\bin;C:\Users\6620\AppData\Roaming\nvm;C:\Program Files\nodejs;C:\Users\6620\AppData\Local\Microsoft\WindowsApps;C:\Users\6620\go\bin;C:\Program Files\JetBrains\IntelliJ IDEA 2023.2.2\bin;;C:\Program Files (x86)\Nmap;C:\Users\6620\Documents\hadoop-3.1.3\bin;C:\Users\6620\Documents\hadoop-3.1.3\sbin;;."/>
    <property name="java.vm.info" value="mixed mode, sharing"/>
    <property name="java.vendor" value="ojdkbuild"/>
    <property name="java.vm.version" value="17.0.3+6-LTS"/>
    <property name="sun.io.unicode.encoding" value="UnicodeLittle"/>
    <property name="java.class.version" value="61.0"/>
  </properties>
  <testcase name="Example #1.1" classname="Examples" time="0.085"/>
  <testcase name="Example #1.2" classname="Examples" time="0.006"/>
  <testcase name="Example #1.3" classname="Examples" time="0.004"/>
  <testcase name="Example #1.4" classname="Examples" time="0.004"/>
  <testcase name="Example #1.5" classname="Examples" time="0.004"/>
  <testcase name="Example #1.6" classname="Examples" time="0.007"/>
  <testcase name="Example #1.7" classname="Examples" time="0.004"/>
  <testcase name="The example" classname="An example" time="0.003"/>
</testsuite>